{"__type":"$$EventMessageWorkflow","id":"ef6d789c-f0f3-4fed-882e-af6237007c60","ts":"2026-01-02T20:53:50.403+00:00","eventName":"n8n.workflow.started","message":"n8n.workflow.started","payload":{"executionId":"1","workflowId":"ZSYvWNBSCf7ZOLVz","isManual":false,"workflowName":"Workflow Agent"}}
{"__type":"$$EventMessageConfirm","confirm":"ef6d789c-f0f3-4fed-882e-af6237007c60","ts":"2026-01-02T20:53:50.404+00:00","source":{"id":"0","name":"eventBus"}}
{"__type":"$$EventMessageNode","id":"6566986a-022c-40c0-a1cf-b461da3ed059","ts":"2026-01-02T20:53:50.407+00:00","eventName":"n8n.node.started","message":"n8n.node.started","payload":{"workflowId":"ZSYvWNBSCf7ZOLVz","workflowName":"Workflow Agent","executionId":"1","nodeType":"n8n-nodes-base.scheduleTrigger","nodeName":"Schedule Trigger","nodeId":"e7ceda61-d48c-4cfa-9335-4132fe510c7f"}}
{"__type":"$$EventMessageConfirm","confirm":"6566986a-022c-40c0-a1cf-b461da3ed059","ts":"2026-01-02T20:53:50.407+00:00","source":{"id":"0","name":"eventBus"}}
{"__type":"$$EventMessageNode","id":"2984f9eb-1a30-44b0-92ae-51699a81d559","ts":"2026-01-02T20:53:50.424+00:00","eventName":"n8n.node.finished","message":"n8n.node.finished","payload":{"workflowId":"ZSYvWNBSCf7ZOLVz","workflowName":"Workflow Agent","executionId":"1","nodeType":"n8n-nodes-base.scheduleTrigger","nodeName":"Schedule Trigger","nodeId":"e7ceda61-d48c-4cfa-9335-4132fe510c7f"}}
{"__type":"$$EventMessageConfirm","confirm":"2984f9eb-1a30-44b0-92ae-51699a81d559","ts":"2026-01-02T20:53:50.424+00:00","source":{"id":"0","name":"eventBus"}}
{"__type":"$$EventMessageWorkflow","id":"9e0d25d1-44e4-4852-b682-23d9f4797035","ts":"2026-01-02T20:53:50.431+00:00","eventName":"n8n.workflow.success","message":"n8n.workflow.success","payload":{"userId":"19d2a330-76d5-4415-9787-fa9304b7ee1a","executionId":"1","success":true,"isManual":true,"workflowId":"ZSYvWNBSCf7ZOLVz","workflowName":"Workflow Agent"}}
{"__type":"$$EventMessageConfirm","confirm":"9e0d25d1-44e4-4852-b682-23d9f4797035","ts":"2026-01-02T20:53:50.431+00:00","source":{"id":"0","name":"eventBus"}}
{"__type":"$$EventMessageWorkflow","id":"04e4af48-1789-4e65-a729-cf1397ef16e5","ts":"2026-01-02T20:55:19.518+00:00","eventName":"n8n.workflow.started","message":"n8n.workflow.started","payload":{"executionId":"2","workflowId":"ZSYvWNBSCf7ZOLVz","isManual":false,"workflowName":"Workflow Agent"}}
{"__type":"$$EventMessageConfirm","confirm":"04e4af48-1789-4e65-a729-cf1397ef16e5","ts":"2026-01-02T20:55:19.519+00:00","source":{"id":"0","name":"eventBus"}}
{"__type":"$$EventMessageNode","id":"b63533c5-46e8-4e3e-8827-e4c5e353f373","ts":"2026-01-02T20:55:19.521+00:00","eventName":"n8n.node.started","message":"n8n.node.started","payload":{"workflowId":"ZSYvWNBSCf7ZOLVz","workflowName":"Workflow Agent","executionId":"2","nodeType":"n8n-nodes-base.scheduleTrigger","nodeName":"Schedule Trigger1","nodeId":"881cd351-242e-41b5-8a4d-235962fcad5a"}}
{"__type":"$$EventMessageConfirm","confirm":"b63533c5-46e8-4e3e-8827-e4c5e353f373","ts":"2026-01-02T20:55:19.521+00:00","source":{"id":"0","name":"eventBus"}}
{"__type":"$$EventMessageNode","id":"20aa103c-d607-40c3-8494-b7bda38760cf","ts":"2026-01-02T20:55:19.529+00:00","eventName":"n8n.node.finished","message":"n8n.node.finished","payload":{"workflowId":"ZSYvWNBSCf7ZOLVz","workflowName":"Workflow Agent","executionId":"2","nodeType":"n8n-nodes-base.scheduleTrigger","nodeName":"Schedule Trigger1","nodeId":"881cd351-242e-41b5-8a4d-235962fcad5a"}}
{"__type":"$$EventMessageConfirm","confirm":"20aa103c-d607-40c3-8494-b7bda38760cf","ts":"2026-01-02T20:55:19.529+00:00","source":{"id":"0","name":"eventBus"}}
{"__type":"$$EventMessageWorkflow","id":"c9173cf4-8018-488d-aabc-ce71ee938cdc","ts":"2026-01-02T20:55:19.536+00:00","eventName":"n8n.workflow.success","message":"n8n.workflow.success","payload":{"userId":"19d2a330-76d5-4415-9787-fa9304b7ee1a","executionId":"2","success":true,"isManual":true,"workflowId":"ZSYvWNBSCf7ZOLVz","workflowName":"Workflow Agent"}}
{"__type":"$$EventMessageConfirm","confirm":"c9173cf4-8018-488d-aabc-ce71ee938cdc","ts":"2026-01-02T20:55:19.537+00:00","source":{"id":"0","name":"eventBus"}}
{"__type":"$$EventMessageWorkflow","id":"728c3095-884d-4ebc-9062-3a0bd3ca9b7c","ts":"2026-01-02T15:57:31.204-05:00","eventName":"n8n.workflow.started","message":"n8n.workflow.started","payload":{"executionId":"3","workflowId":"ZSYvWNBSCf7ZOLVz","isManual":false,"workflowName":"Workflow Agent"}}
{"__type":"$$EventMessageConfirm","confirm":"728c3095-884d-4ebc-9062-3a0bd3ca9b7c","ts":"2026-01-02T15:57:31.205-05:00","source":{"id":"0","name":"eventBus"}}
{"__type":"$$EventMessageNode","id":"b67159cf-a820-4741-93b6-0acdb9509249","ts":"2026-01-02T15:57:31.209-05:00","eventName":"n8n.node.started","message":"n8n.node.started","payload":{"workflowId":"ZSYvWNBSCf7ZOLVz","workflowName":"Workflow Agent","executionId":"3","nodeType":"n8n-nodes-base.github","nodeName":"Get a repository","nodeId":"3580b10b-388f-4fbb-b7a7-9ca0611cd7dc"}}
{"__type":"$$EventMessageConfirm","confirm":"b67159cf-a820-4741-93b6-0acdb9509249","ts":"2026-01-02T15:57:31.209-05:00","source":{"id":"0","name":"eventBus"}}
{"__type":"$$EventMessageNode","id":"23176321-704e-41f7-8438-4fce50d8a967","ts":"2026-01-02T15:57:31.914-05:00","eventName":"n8n.node.finished","message":"n8n.node.finished","payload":{"workflowId":"ZSYvWNBSCf7ZOLVz","workflowName":"Workflow Agent","executionId":"3","nodeType":"n8n-nodes-base.github","nodeName":"Get a repository","nodeId":"3580b10b-388f-4fbb-b7a7-9ca0611cd7dc"}}
{"__type":"$$EventMessageConfirm","confirm":"23176321-704e-41f7-8438-4fce50d8a967","ts":"2026-01-02T15:57:31.914-05:00","source":{"id":"0","name":"eventBus"}}
{"__type":"$$EventMessageWorkflow","id":"afdfad43-f626-4b17-ab82-aff8807395e5","ts":"2026-01-02T15:57:31.927-05:00","eventName":"n8n.workflow.success","message":"n8n.workflow.success","payload":{"userId":"19d2a330-76d5-4415-9787-fa9304b7ee1a","executionId":"3","success":true,"isManual":true,"workflowId":"ZSYvWNBSCf7ZOLVz","workflowName":"Workflow Agent"}}
{"__type":"$$EventMessageConfirm","confirm":"afdfad43-f626-4b17-ab82-aff8807395e5","ts":"2026-01-02T15:57:31.927-05:00","source":{"id":"0","name":"eventBus"}}
{"__type":"$$EventMessageWorkflow","id":"715ced7b-1f8f-4225-bc15-998ca6096ca8","ts":"2026-01-02T15:57:40.390-05:00","eventName":"n8n.workflow.started","message":"n8n.workflow.started","payload":{"executionId":"4","workflowId":"ZSYvWNBSCf7ZOLVz","isManual":false,"workflowName":"Workflow Agent"}}
{"__type":"$$EventMessageConfirm","confirm":"715ced7b-1f8f-4225-bc15-998ca6096ca8","ts":"2026-01-02T15:57:40.390-05:00","source":{"id":"0","name":"eventBus"}}
{"__type":"$$EventMessageNode","id":"052f1f50-d57f-42ea-8fde-99b7a5d7343e","ts":"2026-01-02T15:57:40.396-05:00","eventName":"n8n.node.started","message":"n8n.node.started","payload":{"workflowId":"ZSYvWNBSCf7ZOLVz","workflowName":"Workflow Agent","executionId":"4","nodeType":"n8n-nodes-base.github","nodeName":"Get a repository","nodeId":"3580b10b-388f-4fbb-b7a7-9ca0611cd7dc"}}
{"__type":"$$EventMessageConfirm","confirm":"052f1f50-d57f-42ea-8fde-99b7a5d7343e","ts":"2026-01-02T15:57:40.396-05:00","source":{"id":"0","name":"eventBus"}}
{"__type":"$$EventMessageNode","id":"3c714b65-ede3-418e-9a61-8c99bbbd9f02","ts":"2026-01-02T15:57:40.913-05:00","eventName":"n8n.node.finished","message":"n8n.node.finished","payload":{"workflowId":"ZSYvWNBSCf7ZOLVz","workflowName":"Workflow Agent","executionId":"4","nodeType":"n8n-nodes-base.github","nodeName":"Get a repository","nodeId":"3580b10b-388f-4fbb-b7a7-9ca0611cd7dc"}}
{"__type":"$$EventMessageConfirm","confirm":"3c714b65-ede3-418e-9a61-8c99bbbd9f02","ts":"2026-01-02T15:57:40.914-05:00","source":{"id":"0","name":"eventBus"}}
{"__type":"$$EventMessageWorkflow","id":"995ebacb-33db-4d0e-8dad-1359863823d6","ts":"2026-01-02T15:57:40.921-05:00","eventName":"n8n.workflow.success","message":"n8n.workflow.success","payload":{"userId":"19d2a330-76d5-4415-9787-fa9304b7ee1a","executionId":"4","success":true,"isManual":true,"workflowId":"ZSYvWNBSCf7ZOLVz","workflowName":"Workflow Agent"}}
{"__type":"$$EventMessageConfirm","confirm":"995ebacb-33db-4d0e-8dad-1359863823d6","ts":"2026-01-02T15:57:40.922-05:00","source":{"id":"0","name":"eventBus"}}
